<?xml version="1.0" encoding="UTF-8"?>
<!-- Generated by org.testng.reporters.JUnitReportReporter -->
<testsuite hostname="sdcm014" name="com.xmd.testcase.login.LoginPage_001_LoginSuccess_Test" tests="1" failures="0" timestamp="3 Aug 2017 04:23:58 GMT" time="13.794" errors="0">
  <testcase name="loginSuccessTest" time="13.794" classname="com.xmd.testcase.login.LoginPage_001_LoginSuccess_Test"/>
</testsuite> <!-- com.xmd.testcase.login.LoginPage_001_LoginSuccess_Test -->
